2024-07-25 17:40:57,680 - INFO - Starting Model Training for 
 lat: 47.375
 lon: 10.875
2024-07-25 17:44:06,113 - INFO - Iteration 1/88: lat = 47.375, lon = 10.875
2024-07-25 17:44:06,117 - INFO - ----------------------------------------------------------------------------------------------------
2024-07-25 17:44:06,117 - INFO - Starting Model Training for 
 lat: 51.125
 lon: 8.375
2024-07-25 17:47:07,135 - INFO - Iteration 2/88: lat = 51.125, lon = 8.375
2024-07-25 17:47:07,136 - INFO - ----------------------------------------------------------------------------------------------------
2024-07-25 17:47:07,137 - INFO - Starting Model Training for 
 lat: 51.125
 lon: 7.875
2024-07-25 17:50:08,075 - INFO - Iteration 3/88: lat = 51.125, lon = 7.875
2024-07-25 17:50:08,079 - INFO - ----------------------------------------------------------------------------------------------------
2024-07-25 17:50:08,079 - INFO - Starting Model Training for 
 lat: 51.125
 lon: 7.625
2024-07-25 17:53:09,745 - INFO - Iteration 4/88: lat = 51.125, lon = 7.625
2024-07-25 17:53:09,749 - INFO - ----------------------------------------------------------------------------------------------------
2024-07-25 17:53:09,749 - INFO - Starting Model Training for 
 lat: 50.875
 lon: 14.375
2024-07-25 17:56:43,043 - INFO - Iteration 5/88: lat = 50.875, lon = 14.375
2024-07-25 17:56:43,048 - INFO - ----------------------------------------------------------------------------------------------------
2024-07-25 17:56:43,049 - INFO - Starting Model Training for 
 lat: 50.875
 lon: 9.625
2024-07-25 18:01:08,602 - INFO - Iteration 6/88: lat = 50.875, lon = 9.625
2024-07-25 18:01:08,606 - INFO - ----------------------------------------------------------------------------------------------------
2024-07-25 18:01:08,606 - INFO - Starting Model Training for 
 lat: 50.875
 lon: 8.375
2024-07-25 18:05:18,453 - INFO - Iteration 7/88: lat = 50.875, lon = 8.375
2024-07-25 18:05:18,458 - INFO - ----------------------------------------------------------------------------------------------------
2024-07-25 18:05:18,458 - INFO - Starting Model Training for 
 lat: 50.875
 lon: 8.125
2024-07-25 18:09:27,691 - INFO - Iteration 8/88: lat = 50.875, lon = 8.125
2024-07-25 18:09:27,695 - INFO - ----------------------------------------------------------------------------------------------------
2024-07-25 18:09:27,695 - INFO - Starting Model Training for 
 lat: 50.875
 lon: 7.875
2024-07-25 18:13:38,098 - INFO - Iteration 9/88: lat = 50.875, lon = 7.875
2024-07-25 18:13:38,099 - INFO - ----------------------------------------------------------------------------------------------------
2024-07-25 18:13:38,100 - INFO - Starting Model Training for 
 lat: 51.125
 lon: 9.625
2024-07-25 18:17:22,558 - INFO - Iteration 10/88: lat = 51.125, lon = 9.625
2024-07-25 18:17:22,561 - INFO - ----------------------------------------------------------------------------------------------------
2024-07-25 18:17:22,561 - INFO - Starting Model Training for 
 lat: 50.625
 lon: 10.625
2024-07-25 18:21:15,384 - INFO - Iteration 11/88: lat = 50.625, lon = 10.625
2024-07-25 18:21:15,391 - INFO - ----------------------------------------------------------------------------------------------------
2024-07-25 18:21:15,391 - INFO - Starting Model Training for 
 lat: 50.625
 lon: 8.375
2024-07-25 18:25:17,808 - INFO - Iteration 12/88: lat = 50.625, lon = 8.375
2024-07-25 18:25:17,813 - INFO - ----------------------------------------------------------------------------------------------------
2024-07-25 18:25:17,815 - INFO - Starting Model Training for 
 lat: 50.625
 lon: 8.125
2024-07-25 18:28:30,258 - INFO - Iteration 13/88: lat = 50.625, lon = 8.125
2024-07-25 18:28:30,259 - INFO - ----------------------------------------------------------------------------------------------------
2024-07-25 18:28:30,260 - INFO - Starting Model Training for 
 lat: 50.625
 lon: 7.875
2024-07-25 18:32:29,879 - INFO - Iteration 14/88: lat = 50.625, lon = 7.875
2024-07-25 18:32:29,880 - INFO - ----------------------------------------------------------------------------------------------------
2024-07-25 18:32:29,880 - INFO - Starting Model Training for 
 lat: 50.375
 lon: 12.625
2024-07-25 18:36:35,968 - INFO - Iteration 15/88: lat = 50.375, lon = 12.625
2024-07-25 18:36:35,972 - INFO - ----------------------------------------------------------------------------------------------------
2024-07-25 18:36:35,972 - INFO - Starting Model Training for 
 lat: 50.375
 lon: 12.375
