2024-07-28 14:56:45,358 - INFO - Starting Model Training for 
 lat: 49.625
 lon: 9.375
2024-07-28 14:59:29,338 - INFO - Iteration 1/2: lat = 49.625, lon = 9.375
2024-07-28 14:59:29,338 - INFO - ----------------------------------------------------------------------------------------------------
2024-07-28 14:59:29,338 - INFO - Starting Model Training for 
 lat: 47.375
 lon: 10.875
2024-07-28 15:02:29,330 - INFO - Iteration 2/2: lat = 47.375, lon = 10.875
2024-07-28 15:02:29,330 - INFO - ----------------------------------------------------------------------------------------------------
2024-07-28 15:02:29,330 - INFO - ----------------------------------------------------------------------------------------------------
2024-07-28 15:02:29,345 - INFO - Results and evaluation written to: results/modelling/final/results_full_local_auto_l30_test.json
2024-07-28 15:20:56,853 - INFO - Starting Model Training for 
 lat: 49.625
 lon: 9.375
2024-07-28 15:24:04,027 - INFO - Iteration 1/2: lat = 49.625, lon = 9.375
2024-07-28 15:24:04,027 - INFO - ----------------------------------------------------------------------------------------------------
2024-07-28 15:24:04,027 - INFO - Starting Model Training for 
 lat: 47.375
 lon: 10.875
2024-07-28 15:27:04,360 - INFO - Iteration 2/2: lat = 47.375, lon = 10.875
2024-07-28 15:27:04,360 - INFO - ----------------------------------------------------------------------------------------------------
2024-07-28 15:27:04,360 - INFO - ----------------------------------------------------------------------------------------------------
2024-07-28 15:27:04,379 - INFO - Results and evaluation written to: results/modelling/final/results_full_local_auto_l30_test.json
2024-07-28 16:00:30,595 - INFO - Starting Model Training for 
 lat: 49.625
 lon: 9.375
2024-07-28 16:03:37,419 - INFO - Iteration 1/2: lat = 49.625, lon = 9.375
2024-07-28 16:03:37,419 - INFO - ----------------------------------------------------------------------------------------------------
2024-07-28 16:03:37,419 - INFO - Starting Model Training for 
 lat: 47.375
 lon: 10.875
2024-07-28 16:06:37,600 - INFO - Iteration 2/2: lat = 47.375, lon = 10.875
2024-07-28 16:06:37,600 - INFO - ----------------------------------------------------------------------------------------------------
2024-07-28 16:06:37,600 - INFO - ----------------------------------------------------------------------------------------------------
2024-07-28 16:06:37,620 - INFO - Results and evaluation written to: results/modelling/final/results_full_local_auto_l30_test.json
2024-07-28 16:18:27,559 - INFO - Starting Model Training for 
 lat: 49.625
 lon: 9.375
2024-07-28 16:21:34,204 - INFO - Iteration 1/2: lat = 49.625, lon = 9.375
2024-07-28 16:21:34,207 - INFO - ----------------------------------------------------------------------------------------------------
2024-07-28 16:21:34,207 - INFO - Starting Model Training for 
 lat: 47.375
 lon: 10.875
2024-07-28 16:24:32,815 - INFO - Iteration 2/2: lat = 47.375, lon = 10.875
2024-07-28 16:24:32,819 - INFO - ----------------------------------------------------------------------------------------------------
2024-07-28 16:24:32,819 - INFO - ----------------------------------------------------------------------------------------------------
2024-07-28 16:24:32,839 - INFO - Results and evaluation written to: results/modelling/final/results_full_local_auto_l30_test.json
2024-07-28 16:32:03,783 - INFO - Starting Model Training for 
 lat: 49.625
 lon: 9.375
2024-07-28 16:35:09,262 - INFO - Iteration 1/2: lat = 49.625, lon = 9.375
2024-07-28 16:35:09,267 - INFO - ----------------------------------------------------------------------------------------------------
2024-07-28 16:35:09,267 - INFO - Starting Model Training for 
 lat: 47.375
 lon: 10.875
2024-07-28 16:38:08,465 - INFO - Iteration 2/2: lat = 47.375, lon = 10.875
2024-07-28 16:38:08,466 - INFO - ----------------------------------------------------------------------------------------------------
2024-07-28 16:38:08,466 - INFO - ----------------------------------------------------------------------------------------------------
2024-07-28 16:38:08,486 - INFO - Results and evaluation written to: results/modelling/final/results_full_local_auto_l30_test.json
2024-07-28 17:07:30,131 - INFO - Starting Model Training for 
 lat: 47.375
 lon: 10.875
2024-07-28 17:10:37,703 - INFO - Iteration 1/88: lat = 47.375, lon = 10.875
2024-07-28 17:10:37,706 - INFO - ----------------------------------------------------------------------------------------------------
2024-07-28 17:10:37,706 - INFO - Starting Model Training for 
 lat: 51.125
 lon: 8.375
2024-07-28 17:13:37,095 - INFO - Iteration 2/88: lat = 51.125, lon = 8.375
2024-07-28 17:13:37,099 - INFO - ----------------------------------------------------------------------------------------------------
2024-07-28 17:13:37,099 - INFO - Starting Model Training for 
 lat: 51.125
 lon: 7.875
2024-07-28 17:16:35,442 - INFO - Iteration 3/88: lat = 51.125, lon = 7.875
2024-07-28 17:16:35,446 - INFO - ----------------------------------------------------------------------------------------------------
2024-07-28 17:16:35,446 - INFO - Starting Model Training for 
 lat: 51.125
 lon: 7.625
2024-07-28 17:19:34,429 - INFO - Iteration 4/88: lat = 51.125, lon = 7.625
2024-07-28 17:19:34,431 - INFO - ----------------------------------------------------------------------------------------------------
2024-07-28 17:19:34,432 - INFO - Starting Model Training for 
 lat: 50.875
 lon: 14.375
2024-07-28 17:22:33,981 - INFO - Iteration 5/88: lat = 50.875, lon = 14.375
2024-07-28 17:22:33,988 - INFO - ----------------------------------------------------------------------------------------------------
2024-07-28 17:22:33,988 - INFO - Starting Model Training for 
 lat: 50.875
 lon: 9.625
2024-07-28 17:25:34,071 - INFO - Iteration 6/88: lat = 50.875, lon = 9.625
2024-07-28 17:25:34,074 - INFO - ----------------------------------------------------------------------------------------------------
2024-07-28 17:25:34,074 - INFO - Starting Model Training for 
 lat: 50.875
 lon: 8.375
2024-07-28 17:28:33,909 - INFO - Iteration 7/88: lat = 50.875, lon = 8.375
2024-07-28 17:28:33,913 - INFO - ----------------------------------------------------------------------------------------------------
2024-07-28 17:28:33,913 - INFO - Starting Model Training for 
 lat: 50.875
 lon: 8.125
2024-07-28 17:31:43,085 - INFO - Iteration 8/88: lat = 50.875, lon = 8.125
2024-07-28 17:31:43,089 - INFO - ----------------------------------------------------------------------------------------------------
2024-07-28 17:31:43,089 - INFO - Starting Model Training for 
 lat: 50.875
 lon: 7.875
2024-07-28 17:34:42,676 - INFO - Iteration 9/88: lat = 50.875, lon = 7.875
2024-07-28 17:34:42,679 - INFO - ----------------------------------------------------------------------------------------------------
2024-07-28 17:34:42,679 - INFO - Starting Model Training for 
 lat: 51.125
 lon: 9.625
2024-07-28 17:37:42,478 - INFO - Iteration 10/88: lat = 51.125, lon = 9.625
2024-07-28 17:37:42,479 - INFO - ----------------------------------------------------------------------------------------------------
2024-07-28 17:37:42,479 - INFO - Starting Model Training for 
 lat: 50.625
 lon: 10.625
2024-07-28 17:41:56,381 - INFO - Iteration 11/88: lat = 50.625, lon = 10.625
2024-07-28 17:41:56,382 - INFO - ----------------------------------------------------------------------------------------------------
2024-07-28 17:41:56,382 - INFO - Starting Model Training for 
 lat: 50.625
 lon: 8.375
2024-07-28 17:44:57,227 - INFO - Iteration 12/88: lat = 50.625, lon = 8.375
2024-07-28 17:44:57,230 - INFO - ----------------------------------------------------------------------------------------------------
2024-07-28 17:44:57,230 - INFO - Starting Model Training for 
 lat: 50.625
 lon: 8.125
2024-07-28 17:47:56,269 - INFO - Iteration 13/88: lat = 50.625, lon = 8.125
2024-07-28 17:47:56,273 - INFO - ----------------------------------------------------------------------------------------------------
2024-07-28 17:47:56,273 - INFO - Starting Model Training for 
 lat: 50.625
 lon: 7.875
2024-07-28 17:50:57,894 - INFO - Iteration 14/88: lat = 50.625, lon = 7.875
2024-07-28 17:50:57,897 - INFO - ----------------------------------------------------------------------------------------------------
2024-07-28 17:50:57,898 - INFO - Starting Model Training for 
 lat: 50.375
 lon: 12.625
2024-07-28 17:53:55,640 - INFO - Iteration 15/88: lat = 50.375, lon = 12.625
2024-07-28 17:53:55,640 - INFO - ----------------------------------------------------------------------------------------------------
2024-07-28 17:53:55,640 - INFO - Starting Model Training for 
 lat: 50.375
 lon: 12.375
2024-07-28 17:56:52,503 - INFO - Iteration 16/88: lat = 50.375, lon = 12.375
2024-07-28 17:56:52,504 - INFO - ----------------------------------------------------------------------------------------------------
2024-07-28 17:56:52,504 - INFO - Starting Model Training for 
 lat: 50.375
 lon: 11.375
2024-07-28 17:59:49,905 - INFO - Iteration 17/88: lat = 50.375, lon = 11.375
2024-07-28 17:59:49,906 - INFO - ----------------------------------------------------------------------------------------------------
2024-07-28 17:59:49,906 - INFO - Starting Model Training for 
 lat: 50.375
 lon: 11.125
2024-07-28 18:02:47,208 - INFO - Iteration 18/88: lat = 50.375, lon = 11.125
2024-07-28 18:02:47,208 - INFO - ----------------------------------------------------------------------------------------------------
2024-07-28 18:02:47,208 - INFO - Starting Model Training for 
 lat: 50.375
 lon: 10.875
2024-07-28 18:05:48,098 - INFO - Iteration 19/88: lat = 50.375, lon = 10.875
2024-07-28 18:05:48,101 - INFO - ----------------------------------------------------------------------------------------------------
2024-07-28 18:05:48,101 - INFO - Starting Model Training for 
 lat: 50.625
 lon: 10.375
2024-07-28 18:08:47,146 - INFO - Iteration 20/88: lat = 50.625, lon = 10.375
2024-07-28 18:08:47,150 - INFO - ----------------------------------------------------------------------------------------------------
2024-07-28 18:08:47,150 - INFO - Starting Model Training for 
 lat: 51.375
 lon: 14.875
2024-07-28 18:11:46,423 - INFO - Iteration 21/88: lat = 51.375, lon = 14.875
2024-07-28 18:11:46,427 - INFO - ----------------------------------------------------------------------------------------------------
2024-07-28 18:11:46,427 - INFO - Starting Model Training for 
 lat: 51.625
 lon: 9.375
2024-07-28 18:14:24,913 - INFO - Iteration 22/88: lat = 51.625, lon = 9.375
2024-07-28 18:14:24,917 - INFO - ----------------------------------------------------------------------------------------------------
2024-07-28 18:14:24,917 - INFO - Starting Model Training for 
 lat: 51.625
 lon: 9.625
2024-07-28 18:17:23,044 - INFO - Iteration 23/88: lat = 51.625, lon = 9.625
2024-07-28 18:17:23,048 - INFO - ----------------------------------------------------------------------------------------------------
2024-07-28 18:17:23,048 - INFO - Starting Model Training for 
 lat: 53.125
 lon: 13.375
2024-07-28 18:20:22,142 - INFO - Iteration 24/88: lat = 53.125, lon = 13.375
2024-07-28 18:20:22,147 - INFO - ----------------------------------------------------------------------------------------------------
2024-07-28 18:20:22,147 - INFO - Starting Model Training for 
 lat: 53.125
 lon: 13.125
2024-07-28 18:23:19,611 - INFO - Iteration 25/88: lat = 53.125, lon = 13.125
2024-07-28 18:23:19,612 - INFO - ----------------------------------------------------------------------------------------------------
2024-07-28 18:23:19,612 - INFO - Starting Model Training for 
 lat: 53.125
 lon: 12.875
2024-07-28 18:26:17,141 - INFO - Iteration 26/88: lat = 53.125, lon = 12.875
2024-07-28 18:26:17,142 - INFO - ----------------------------------------------------------------------------------------------------
2024-07-28 18:26:17,142 - INFO - Starting Model Training for 
 lat: 52.875
 lon: 13.625
2024-07-28 18:29:16,757 - INFO - Iteration 27/88: lat = 52.875, lon = 13.625
2024-07-28 18:29:16,758 - INFO - ----------------------------------------------------------------------------------------------------
2024-07-28 18:29:16,758 - INFO - Starting Model Training for 
 lat: 52.875
 lon: 10.125
2024-07-28 18:33:32,545 - INFO - Iteration 28/88: lat = 52.875, lon = 10.125
2024-07-28 18:33:32,549 - INFO - ----------------------------------------------------------------------------------------------------
2024-07-28 18:33:32,549 - INFO - Starting Model Training for 
 lat: 52.625
 lon: 13.875
2024-07-28 18:36:32,999 - INFO - Iteration 29/88: lat = 52.625, lon = 13.875
2024-07-28 18:36:33,003 - INFO - ----------------------------------------------------------------------------------------------------
2024-07-28 18:36:33,003 - INFO - Starting Model Training for 
 lat: 52.625
 lon: 10.375
2024-07-28 18:39:37,235 - INFO - Iteration 30/88: lat = 52.625, lon = 10.375
2024-07-28 18:39:37,238 - INFO - ----------------------------------------------------------------------------------------------------
2024-07-28 18:39:37,238 - INFO - Starting Model Training for 
 lat: 52.375
 lon: 13.875
2024-07-28 18:42:38,087 - INFO - Iteration 31/88: lat = 52.375, lon = 13.875
2024-07-28 18:42:38,090 - INFO - ----------------------------------------------------------------------------------------------------
2024-07-28 18:42:38,090 - INFO - Starting Model Training for 
 lat: 52.125
 lon: 14.875
2024-07-28 18:45:38,936 - INFO - Iteration 32/88: lat = 52.125, lon = 14.875
2024-07-28 18:45:38,936 - INFO - ----------------------------------------------------------------------------------------------------
2024-07-28 18:45:38,936 - INFO - Starting Model Training for 
 lat: 52.125
 lon: 14.375
2024-07-28 18:48:37,735 - INFO - Iteration 33/88: lat = 52.125, lon = 14.375
2024-07-28 18:48:37,738 - INFO - ----------------------------------------------------------------------------------------------------
2024-07-28 18:48:37,738 - INFO - Starting Model Training for 
 lat: 52.125
 lon: 13.875
2024-07-28 18:51:36,635 - INFO - Iteration 34/88: lat = 52.125, lon = 13.875
2024-07-28 18:51:36,639 - INFO - ----------------------------------------------------------------------------------------------------
2024-07-28 18:51:36,639 - INFO - Starting Model Training for 
 lat: 52.125
 lon: 13.625
2024-07-28 18:54:35,035 - INFO - Iteration 35/88: lat = 52.125, lon = 13.625
2024-07-28 18:54:35,036 - INFO - ----------------------------------------------------------------------------------------------------
2024-07-28 18:54:35,036 - INFO - Starting Model Training for 
 lat: 52.125
 lon: 12.875
2024-07-28 18:57:34,512 - INFO - Iteration 36/88: lat = 52.125, lon = 12.875
2024-07-28 18:57:34,516 - INFO - ----------------------------------------------------------------------------------------------------
2024-07-28 18:57:34,516 - INFO - Starting Model Training for 
 lat: 51.875
 lon: 14.375
2024-07-28 19:00:33,613 - INFO - Iteration 37/88: lat = 51.875, lon = 14.375
2024-07-28 19:00:33,617 - INFO - ----------------------------------------------------------------------------------------------------
2024-07-28 19:00:33,617 - INFO - Starting Model Training for 
 lat: 51.875
 lon: 12.375
2024-07-28 19:03:10,745 - INFO - Iteration 38/88: lat = 51.875, lon = 12.375
2024-07-28 19:03:10,749 - INFO - ----------------------------------------------------------------------------------------------------
2024-07-28 19:03:10,749 - INFO - Starting Model Training for 
 lat: 51.625
 lon: 14.875
2024-07-28 19:06:09,964 - INFO - Iteration 39/88: lat = 51.625, lon = 14.875
2024-07-28 19:06:09,967 - INFO - ----------------------------------------------------------------------------------------------------
2024-07-28 19:06:09,967 - INFO - Starting Model Training for 
 lat: 51.625
 lon: 10.875
2024-07-28 19:09:08,958 - INFO - Iteration 40/88: lat = 51.625, lon = 10.875
2024-07-28 19:09:08,961 - INFO - ----------------------------------------------------------------------------------------------------
2024-07-28 19:09:08,961 - INFO - Starting Model Training for 
 lat: 51.625
 lon: 10.625
2024-07-28 19:12:08,317 - INFO - Iteration 41/88: lat = 51.625, lon = 10.625
2024-07-28 19:12:08,321 - INFO - ----------------------------------------------------------------------------------------------------
2024-07-28 19:12:08,321 - INFO - Starting Model Training for 
 lat: 51.625
 lon: 10.375
2024-07-28 19:15:10,109 - INFO - Iteration 42/88: lat = 51.625, lon = 10.375
2024-07-28 19:15:10,113 - INFO - ----------------------------------------------------------------------------------------------------
2024-07-28 19:15:10,113 - INFO - Starting Model Training for 
 lat: 50.375
 lon: 6.875
2024-07-28 19:18:09,485 - INFO - Iteration 43/88: lat = 50.375, lon = 6.875
2024-07-28 19:18:09,489 - INFO - ----------------------------------------------------------------------------------------------------
2024-07-28 19:18:09,489 - INFO - Starting Model Training for 
 lat: 50.125
 lon: 9.875
2024-07-28 19:21:11,421 - INFO - Iteration 44/88: lat = 50.125, lon = 9.875
2024-07-28 19:21:11,424 - INFO - ----------------------------------------------------------------------------------------------------
2024-07-28 19:21:11,424 - INFO - Starting Model Training for 
 lat: 51.375
 lon: 9.625
2024-07-28 19:23:52,692 - INFO - Iteration 45/88: lat = 51.375, lon = 9.625
2024-07-28 19:23:52,695 - INFO - ----------------------------------------------------------------------------------------------------
2024-07-28 19:23:52,695 - INFO - Starting Model Training for 
 lat: 50.125
 lon: 9.375
2024-07-28 19:26:54,622 - INFO - Iteration 46/88: lat = 50.125, lon = 9.375
2024-07-28 19:26:54,625 - INFO - ----------------------------------------------------------------------------------------------------
2024-07-28 19:26:54,625 - INFO - Starting Model Training for 
 lat: 48.875
 lon: 13.125
2024-07-28 19:29:55,574 - INFO - Iteration 47/88: lat = 48.875, lon = 13.125
2024-07-28 19:29:55,578 - INFO - ----------------------------------------------------------------------------------------------------
2024-07-28 19:29:55,578 - INFO - Starting Model Training for 
 lat: 48.875
 lon: 12.875
2024-07-28 19:32:56,444 - INFO - Iteration 48/88: lat = 48.875, lon = 12.875
2024-07-28 19:32:56,448 - INFO - ----------------------------------------------------------------------------------------------------
2024-07-28 19:32:56,448 - INFO - Starting Model Training for 
 lat: 48.625
 lon: 13.875
2024-07-28 19:36:03,071 - INFO - Iteration 49/88: lat = 48.625, lon = 13.875
2024-07-28 19:36:03,071 - INFO - ----------------------------------------------------------------------------------------------------
2024-07-28 19:36:03,071 - INFO - Starting Model Training for 
 lat: 48.625
 lon: 10.125
2024-07-28 19:39:06,493 - INFO - Iteration 50/88: lat = 48.625, lon = 10.125
2024-07-28 19:39:06,493 - INFO - ----------------------------------------------------------------------------------------------------
2024-07-28 19:39:06,493 - INFO - Starting Model Training for 
 lat: 48.625
 lon: 8.625
2024-07-28 19:42:09,225 - INFO - Iteration 51/88: lat = 48.625, lon = 8.625
2024-07-28 19:42:09,225 - INFO - ----------------------------------------------------------------------------------------------------
2024-07-28 19:42:09,226 - INFO - Starting Model Training for 
 lat: 48.625
 lon: 8.375
2024-07-28 19:45:12,582 - INFO - Iteration 52/88: lat = 48.625, lon = 8.375
2024-07-28 19:45:12,583 - INFO - ----------------------------------------------------------------------------------------------------
2024-07-28 19:45:12,583 - INFO - Starting Model Training for 
 lat: 48.375
 lon: 8.375
2024-07-28 19:48:16,330 - INFO - Iteration 53/88: lat = 48.375, lon = 8.375
2024-07-28 19:48:16,330 - INFO - ----------------------------------------------------------------------------------------------------
2024-07-28 19:48:16,331 - INFO - Starting Model Training for 
 lat: 48.375
 lon: 8.125
2024-07-28 19:51:22,013 - INFO - Iteration 54/88: lat = 48.375, lon = 8.125
2024-07-28 19:51:22,013 - INFO - ----------------------------------------------------------------------------------------------------
2024-07-28 19:51:22,013 - INFO - Starting Model Training for 
 lat: 48.125
 lon: 8.125
2024-07-28 19:54:26,163 - INFO - Iteration 55/88: lat = 48.125, lon = 8.125
2024-07-28 19:54:26,163 - INFO - ----------------------------------------------------------------------------------------------------
2024-07-28 19:54:26,163 - INFO - Starting Model Training for 
 lat: 48.125
 lon: 7.875
2024-07-28 19:57:29,897 - INFO - Iteration 56/88: lat = 48.125, lon = 7.875
2024-07-28 19:57:29,897 - INFO - ----------------------------------------------------------------------------------------------------
2024-07-28 19:57:29,897 - INFO - Starting Model Training for 
 lat: 47.875
 lon: 8.125
2024-07-28 20:00:33,771 - INFO - Iteration 57/88: lat = 47.875, lon = 8.125
2024-07-28 20:00:33,771 - INFO - ----------------------------------------------------------------------------------------------------
2024-07-28 20:00:33,771 - INFO - Starting Model Training for 
 lat: 47.875
 lon: 7.875
2024-07-28 20:03:36,490 - INFO - Iteration 58/88: lat = 47.875, lon = 7.875
2024-07-28 20:03:36,493 - INFO - ----------------------------------------------------------------------------------------------------
2024-07-28 20:03:36,493 - INFO - Starting Model Training for 
 lat: 47.625
 lon: 12.875
2024-07-28 20:06:38,517 - INFO - Iteration 59/88: lat = 47.625, lon = 12.875
2024-07-28 20:06:38,520 - INFO - ----------------------------------------------------------------------------------------------------
2024-07-28 20:06:38,520 - INFO - Starting Model Training for 
 lat: 47.625
 lon: 12.625
2024-07-28 20:09:17,968 - INFO - Iteration 60/88: lat = 47.625, lon = 12.625
2024-07-28 20:09:17,972 - INFO - ----------------------------------------------------------------------------------------------------
2024-07-28 20:09:17,972 - INFO - Starting Model Training for 
 lat: 47.625
 lon: 8.125
2024-07-28 20:12:20,152 - INFO - Iteration 61/88: lat = 47.625, lon = 8.125
2024-07-28 20:12:20,156 - INFO - ----------------------------------------------------------------------------------------------------
2024-07-28 20:12:20,156 - INFO - Starting Model Training for 
 lat: 47.625
 lon: 7.875
2024-07-28 20:15:22,420 - INFO - Iteration 62/88: lat = 47.625, lon = 7.875
2024-07-28 20:15:22,423 - INFO - ----------------------------------------------------------------------------------------------------
2024-07-28 20:15:22,423 - INFO - Starting Model Training for 
 lat: 47.625
 lon: 7.625
2024-07-28 20:18:24,588 - INFO - Iteration 63/88: lat = 47.625, lon = 7.625
2024-07-28 20:18:24,589 - INFO - ----------------------------------------------------------------------------------------------------
2024-07-28 20:18:24,589 - INFO - Starting Model Training for 
 lat: 47.375
 lon: 11.375
2024-07-28 20:21:26,981 - INFO - Iteration 64/88: lat = 47.375, lon = 11.375
2024-07-28 20:21:26,982 - INFO - ----------------------------------------------------------------------------------------------------
2024-07-28 20:21:26,982 - INFO - Starting Model Training for 
 lat: 50.125
 lon: 9.625
2024-07-28 20:24:11,037 - INFO - Iteration 65/88: lat = 50.125, lon = 9.625
2024-07-28 20:24:11,041 - INFO - ----------------------------------------------------------------------------------------------------
2024-07-28 20:24:11,041 - INFO - Starting Model Training for 
 lat: 48.875
 lon: 13.375
2024-07-28 20:27:13,921 - INFO - Iteration 66/88: lat = 48.875, lon = 13.375
2024-07-28 20:27:13,924 - INFO - ----------------------------------------------------------------------------------------------------
2024-07-28 20:27:13,924 - INFO - Starting Model Training for 
 lat: 48.875
 lon: 13.625
2024-07-28 20:30:15,706 - INFO - Iteration 67/88: lat = 48.875, lon = 13.625
2024-07-28 20:30:15,710 - INFO - ----------------------------------------------------------------------------------------------------
2024-07-28 20:30:15,710 - INFO - Starting Model Training for 
 lat: 47.375
 lon: 11.125
2024-07-28 20:32:56,282 - INFO - Iteration 68/88: lat = 47.375, lon = 11.125
2024-07-28 20:32:56,286 - INFO - ----------------------------------------------------------------------------------------------------
2024-07-28 20:32:56,286 - INFO - Starting Model Training for 
 lat: 49.875
 lon: 7.625
2024-07-28 20:35:58,300 - INFO - Iteration 69/88: lat = 49.875, lon = 7.625
2024-07-28 20:35:58,303 - INFO - ----------------------------------------------------------------------------------------------------
2024-07-28 20:35:58,303 - INFO - Starting Model Training for 
 lat: 50.125
 lon: 8.375
2024-07-28 20:38:37,504 - INFO - Iteration 70/88: lat = 50.125, lon = 8.375
2024-07-28 20:38:37,504 - INFO - ----------------------------------------------------------------------------------------------------
2024-07-28 20:38:37,504 - INFO - Starting Model Training for 
 lat: 50.125
 lon: 7.625
2024-07-28 20:41:38,653 - INFO - Iteration 71/88: lat = 50.125, lon = 7.625
2024-07-28 20:41:38,654 - INFO - ----------------------------------------------------------------------------------------------------
2024-07-28 20:41:38,654 - INFO - Starting Model Training for 
 lat: 49.875
 lon: 12.625
2024-07-28 20:44:40,416 - INFO - Iteration 72/88: lat = 49.875, lon = 12.625
2024-07-28 20:44:40,420 - INFO - ----------------------------------------------------------------------------------------------------
2024-07-28 20:44:40,420 - INFO - Starting Model Training for 
 lat: 49.875
 lon: 11.875
2024-07-28 20:47:19,995 - INFO - Iteration 73/88: lat = 49.875, lon = 11.875
2024-07-28 20:47:20,001 - INFO - ----------------------------------------------------------------------------------------------------
2024-07-28 20:47:20,002 - INFO - Starting Model Training for 
 lat: 49.875
 lon: 9.375
2024-07-28 20:50:21,223 - INFO - Iteration 74/88: lat = 49.875, lon = 9.375
2024-07-28 20:50:21,227 - INFO - ----------------------------------------------------------------------------------------------------
2024-07-28 20:50:21,227 - INFO - Starting Model Training for 
 lat: 49.125
 lon: 7.625
2024-07-28 20:54:35,210 - INFO - Iteration 75/88: lat = 49.125, lon = 7.625
2024-07-28 20:54:35,211 - INFO - ----------------------------------------------------------------------------------------------------
2024-07-28 20:54:35,211 - INFO - Starting Model Training for 
 lat: 49.625
 lon: 12.375
2024-07-28 20:57:36,739 - INFO - Iteration 76/88: lat = 49.625, lon = 12.375
2024-07-28 20:57:36,743 - INFO - ----------------------------------------------------------------------------------------------------
2024-07-28 20:57:36,743 - INFO - Starting Model Training for 
 lat: 49.625
 lon: 9.375
2024-07-28 21:00:41,124 - INFO - Iteration 77/88: lat = 49.625, lon = 9.375
2024-07-28 21:00:41,131 - INFO - ----------------------------------------------------------------------------------------------------
2024-07-28 21:00:41,131 - INFO - Starting Model Training for 
 lat: 49.625
 lon: 7.125
2024-07-28 21:03:43,396 - INFO - Iteration 78/88: lat = 49.625, lon = 7.125
2024-07-28 21:03:43,397 - INFO - ----------------------------------------------------------------------------------------------------
2024-07-28 21:03:43,397 - INFO - Starting Model Training for 
 lat: 49.625
 lon: 9.125
2024-07-28 21:06:46,686 - INFO - Iteration 79/88: lat = 49.625, lon = 9.125
2024-07-28 21:06:46,689 - INFO - ----------------------------------------------------------------------------------------------------
2024-07-28 21:06:46,689 - INFO - Starting Model Training for 
 lat: 49.375
 lon: 12.625
2024-07-28 21:09:26,104 - INFO - Iteration 80/88: lat = 49.375, lon = 12.625
2024-07-28 21:09:26,104 - INFO - ----------------------------------------------------------------------------------------------------
2024-07-28 21:09:26,104 - INFO - Starting Model Training for 
 lat: 49.375
 lon: 11.125
2024-07-28 21:12:06,642 - INFO - Iteration 81/88: lat = 49.375, lon = 11.125
2024-07-28 21:12:06,646 - INFO - ----------------------------------------------------------------------------------------------------
2024-07-28 21:12:06,647 - INFO - Starting Model Training for 
 lat: 49.375
 lon: 9.125
2024-07-28 21:15:08,439 - INFO - Iteration 82/88: lat = 49.375, lon = 9.125
2024-07-28 21:15:08,443 - INFO - ----------------------------------------------------------------------------------------------------
2024-07-28 21:15:08,443 - INFO - Starting Model Training for 
 lat: 49.375
 lon: 8.875
2024-07-28 21:18:10,923 - INFO - Iteration 83/88: lat = 49.375, lon = 8.875
2024-07-28 21:18:10,923 - INFO - ----------------------------------------------------------------------------------------------------
2024-07-28 21:18:10,923 - INFO - Starting Model Training for 
 lat: 49.375
 lon: 7.875
2024-07-28 21:21:13,568 - INFO - Iteration 84/88: lat = 49.375, lon = 7.875
2024-07-28 21:21:13,571 - INFO - ----------------------------------------------------------------------------------------------------
2024-07-28 21:21:13,571 - INFO - Starting Model Training for 
 lat: 49.125
 lon: 13.125
2024-07-28 21:24:18,286 - INFO - Iteration 85/88: lat = 49.125, lon = 13.125
2024-07-28 21:24:18,286 - INFO - ----------------------------------------------------------------------------------------------------
2024-07-28 21:24:18,286 - INFO - Starting Model Training for 
 lat: 49.125
 lon: 11.125
2024-07-28 21:27:21,419 - INFO - Iteration 86/88: lat = 49.125, lon = 11.125
2024-07-28 21:27:21,419 - INFO - ----------------------------------------------------------------------------------------------------
2024-07-28 21:27:21,419 - INFO - Starting Model Training for 
 lat: 49.125
 lon: 7.875
2024-07-28 21:30:24,791 - INFO - Iteration 87/88: lat = 49.125, lon = 7.875
2024-07-28 21:30:24,791 - INFO - ----------------------------------------------------------------------------------------------------
2024-07-28 21:30:24,791 - INFO - Starting Model Training for 
 lat: 49.625
 lon: 6.875
2024-07-28 21:33:27,895 - INFO - Iteration 88/88: lat = 49.625, lon = 6.875
2024-07-28 21:33:27,895 - INFO - ----------------------------------------------------------------------------------------------------
2024-07-28 21:33:27,895 - INFO - ----------------------------------------------------------------------------------------------------
2024-07-28 21:33:28,065 - INFO - Results and evaluation written to: results/modelling/final/results_full_local_auto_l30_test.json
