2024-07-25 17:40:57,680 - INFO - Starting Model Training for 
 lat: 47.375
 lon: 10.875
2024-07-25 17:44:06,113 - INFO - Iteration 1/88: lat = 47.375, lon = 10.875
2024-07-25 17:44:06,117 - INFO - ----------------------------------------------------------------------------------------------------
2024-07-25 17:44:06,117 - INFO - Starting Model Training for 
 lat: 51.125
 lon: 8.375
2024-07-25 17:47:07,135 - INFO - Iteration 2/88: lat = 51.125, lon = 8.375
2024-07-25 17:47:07,136 - INFO - ----------------------------------------------------------------------------------------------------
2024-07-25 17:47:07,137 - INFO - Starting Model Training for 
 lat: 51.125
 lon: 7.875
2024-07-25 17:50:08,075 - INFO - Iteration 3/88: lat = 51.125, lon = 7.875
2024-07-25 17:50:08,079 - INFO - ----------------------------------------------------------------------------------------------------
2024-07-25 17:50:08,079 - INFO - Starting Model Training for 
 lat: 51.125
 lon: 7.625
2024-07-25 17:53:09,745 - INFO - Iteration 4/88: lat = 51.125, lon = 7.625
2024-07-25 17:53:09,749 - INFO - ----------------------------------------------------------------------------------------------------
2024-07-25 17:53:09,749 - INFO - Starting Model Training for 
 lat: 50.875
 lon: 14.375
2024-07-25 17:56:43,043 - INFO - Iteration 5/88: lat = 50.875, lon = 14.375
2024-07-25 17:56:43,048 - INFO - ----------------------------------------------------------------------------------------------------
2024-07-25 17:56:43,049 - INFO - Starting Model Training for 
 lat: 50.875
 lon: 9.625
2024-07-25 18:01:08,602 - INFO - Iteration 6/88: lat = 50.875, lon = 9.625
2024-07-25 18:01:08,606 - INFO - ----------------------------------------------------------------------------------------------------
2024-07-25 18:01:08,606 - INFO - Starting Model Training for 
 lat: 50.875
 lon: 8.375
2024-07-25 18:05:18,453 - INFO - Iteration 7/88: lat = 50.875, lon = 8.375
2024-07-25 18:05:18,458 - INFO - ----------------------------------------------------------------------------------------------------
2024-07-25 18:05:18,458 - INFO - Starting Model Training for 
 lat: 50.875
 lon: 8.125
2024-07-25 18:09:27,691 - INFO - Iteration 8/88: lat = 50.875, lon = 8.125
2024-07-25 18:09:27,695 - INFO - ----------------------------------------------------------------------------------------------------
2024-07-25 18:09:27,695 - INFO - Starting Model Training for 
 lat: 50.875
 lon: 7.875
2024-07-25 18:13:38,098 - INFO - Iteration 9/88: lat = 50.875, lon = 7.875
2024-07-25 18:13:38,099 - INFO - ----------------------------------------------------------------------------------------------------
2024-07-25 18:13:38,100 - INFO - Starting Model Training for 
 lat: 51.125
 lon: 9.625
2024-07-25 18:17:22,558 - INFO - Iteration 10/88: lat = 51.125, lon = 9.625
2024-07-25 18:17:22,561 - INFO - ----------------------------------------------------------------------------------------------------
2024-07-25 18:17:22,561 - INFO - Starting Model Training for 
 lat: 50.625
 lon: 10.625
2024-07-25 18:21:15,384 - INFO - Iteration 11/88: lat = 50.625, lon = 10.625
2024-07-25 18:21:15,391 - INFO - ----------------------------------------------------------------------------------------------------
2024-07-25 18:21:15,391 - INFO - Starting Model Training for 
 lat: 50.625
 lon: 8.375
2024-07-25 18:25:17,808 - INFO - Iteration 12/88: lat = 50.625, lon = 8.375
2024-07-25 18:25:17,813 - INFO - ----------------------------------------------------------------------------------------------------
2024-07-25 18:25:17,815 - INFO - Starting Model Training for 
 lat: 50.625
 lon: 8.125
2024-07-25 18:28:30,258 - INFO - Iteration 13/88: lat = 50.625, lon = 8.125
2024-07-25 18:28:30,259 - INFO - ----------------------------------------------------------------------------------------------------
2024-07-25 18:28:30,260 - INFO - Starting Model Training for 
 lat: 50.625
 lon: 7.875
2024-07-25 18:32:29,879 - INFO - Iteration 14/88: lat = 50.625, lon = 7.875
2024-07-25 18:32:29,880 - INFO - ----------------------------------------------------------------------------------------------------
2024-07-25 18:32:29,880 - INFO - Starting Model Training for 
 lat: 50.375
 lon: 12.625
2024-07-25 18:36:35,968 - INFO - Iteration 15/88: lat = 50.375, lon = 12.625
2024-07-25 18:36:35,972 - INFO - ----------------------------------------------------------------------------------------------------
2024-07-25 18:36:35,972 - INFO - Starting Model Training for 
 lat: 50.375
 lon: 12.375
2024-07-25 18:41:02,270 - INFO - Iteration 16/88: lat = 50.375, lon = 12.375
2024-07-25 18:41:02,270 - INFO - ----------------------------------------------------------------------------------------------------
2024-07-25 18:41:02,270 - INFO - Starting Model Training for 
 lat: 50.375
 lon: 11.375
2024-07-25 18:45:25,647 - INFO - Iteration 17/88: lat = 50.375, lon = 11.375
2024-07-25 18:45:25,647 - INFO - ----------------------------------------------------------------------------------------------------
2024-07-25 18:45:25,647 - INFO - Starting Model Training for 
 lat: 50.375
 lon: 11.125
2024-07-25 18:50:01,261 - INFO - Iteration 18/88: lat = 50.375, lon = 11.125
2024-07-25 18:50:01,261 - INFO - ----------------------------------------------------------------------------------------------------
2024-07-25 18:50:01,261 - INFO - Starting Model Training for 
 lat: 50.375
 lon: 10.875
2024-07-25 18:55:22,190 - INFO - Iteration 19/88: lat = 50.375, lon = 10.875
2024-07-25 18:55:22,190 - INFO - ----------------------------------------------------------------------------------------------------
2024-07-25 18:55:22,190 - INFO - Starting Model Training for 
 lat: 50.625
 lon: 10.375
2024-07-25 19:00:11,494 - INFO - Iteration 20/88: lat = 50.625, lon = 10.375
2024-07-25 19:00:11,495 - INFO - ----------------------------------------------------------------------------------------------------
2024-07-25 19:00:11,495 - INFO - Starting Model Training for 
 lat: 51.375
 lon: 14.875
2024-07-25 19:05:37,315 - INFO - Iteration 21/88: lat = 51.375, lon = 14.875
2024-07-25 19:05:37,315 - INFO - ----------------------------------------------------------------------------------------------------
2024-07-25 19:05:37,315 - INFO - Starting Model Training for 
 lat: 51.625
 lon: 9.375
2024-07-25 19:09:17,500 - INFO - Iteration 22/88: lat = 51.625, lon = 9.375
2024-07-25 19:09:17,500 - INFO - ----------------------------------------------------------------------------------------------------
2024-07-25 19:09:17,500 - INFO - Starting Model Training for 
 lat: 51.625
 lon: 9.625
2024-07-25 19:12:38,856 - INFO - Iteration 23/88: lat = 51.625, lon = 9.625
2024-07-25 19:12:38,857 - INFO - ----------------------------------------------------------------------------------------------------
2024-07-25 19:12:38,857 - INFO - Starting Model Training for 
 lat: 53.125
 lon: 13.375
2024-07-25 19:15:40,584 - INFO - Iteration 24/88: lat = 53.125, lon = 13.375
2024-07-25 19:15:40,585 - INFO - ----------------------------------------------------------------------------------------------------
2024-07-25 19:15:40,585 - INFO - Starting Model Training for 
 lat: 53.125
 lon: 13.125
2024-07-25 19:18:42,023 - INFO - Iteration 25/88: lat = 53.125, lon = 13.125
2024-07-25 19:18:42,023 - INFO - ----------------------------------------------------------------------------------------------------
2024-07-25 19:18:42,023 - INFO - Starting Model Training for 
 lat: 53.125
 lon: 12.875
2024-07-25 19:21:44,430 - INFO - Iteration 26/88: lat = 53.125, lon = 12.875
2024-07-25 19:21:44,430 - INFO - ----------------------------------------------------------------------------------------------------
2024-07-25 19:21:44,430 - INFO - Starting Model Training for 
 lat: 52.875
 lon: 13.625
2024-07-25 19:24:47,077 - INFO - Iteration 27/88: lat = 52.875, lon = 13.625
2024-07-25 19:24:47,078 - INFO - ----------------------------------------------------------------------------------------------------
2024-07-25 19:24:47,078 - INFO - Starting Model Training for 
 lat: 52.875
 lon: 10.125
2024-07-25 19:27:51,724 - INFO - Iteration 28/88: lat = 52.875, lon = 10.125
2024-07-25 19:27:51,724 - INFO - ----------------------------------------------------------------------------------------------------
2024-07-25 19:27:51,724 - INFO - Starting Model Training for 
 lat: 52.625
 lon: 13.875
2024-07-25 19:30:56,000 - INFO - Iteration 29/88: lat = 52.625, lon = 13.875
2024-07-25 19:30:56,000 - INFO - ----------------------------------------------------------------------------------------------------
2024-07-25 19:30:56,000 - INFO - Starting Model Training for 
 lat: 52.625
 lon: 10.375
2024-07-25 19:35:11,791 - INFO - Iteration 30/88: lat = 52.625, lon = 10.375
2024-07-25 19:35:11,791 - INFO - ----------------------------------------------------------------------------------------------------
2024-07-25 19:35:11,791 - INFO - Starting Model Training for 
 lat: 52.375
 lon: 13.875
2024-07-25 19:37:53,619 - INFO - Iteration 31/88: lat = 52.375, lon = 13.875
2024-07-25 19:37:53,619 - INFO - ----------------------------------------------------------------------------------------------------
2024-07-25 19:37:53,619 - INFO - Starting Model Training for 
 lat: 52.125
 lon: 14.875
2024-07-25 19:42:10,772 - INFO - Iteration 32/88: lat = 52.125, lon = 14.875
2024-07-25 19:42:10,772 - INFO - ----------------------------------------------------------------------------------------------------
2024-07-25 19:42:10,773 - INFO - Starting Model Training for 
 lat: 52.125
 lon: 14.375
2024-07-25 19:45:15,791 - INFO - Iteration 33/88: lat = 52.125, lon = 14.375
2024-07-25 19:45:15,791 - INFO - ----------------------------------------------------------------------------------------------------
2024-07-25 19:45:15,791 - INFO - Starting Model Training for 
 lat: 52.125
 lon: 13.875
2024-07-25 19:48:18,963 - INFO - Iteration 34/88: lat = 52.125, lon = 13.875
2024-07-25 19:48:18,963 - INFO - ----------------------------------------------------------------------------------------------------
2024-07-25 19:48:18,964 - INFO - Starting Model Training for 
 lat: 52.125
 lon: 13.625
2024-07-25 19:51:22,508 - INFO - Iteration 35/88: lat = 52.125, lon = 13.625
2024-07-25 19:51:22,509 - INFO - ----------------------------------------------------------------------------------------------------
2024-07-25 19:51:22,509 - INFO - Starting Model Training for 
 lat: 52.125
 lon: 12.875
2024-07-25 19:54:25,288 - INFO - Iteration 36/88: lat = 52.125, lon = 12.875
2024-07-25 19:54:25,292 - INFO - ----------------------------------------------------------------------------------------------------
2024-07-25 19:54:25,292 - INFO - Starting Model Training for 
 lat: 51.875
 lon: 14.375
2024-07-25 19:57:26,113 - INFO - Iteration 37/88: lat = 51.875, lon = 14.375
2024-07-25 19:57:26,113 - INFO - ----------------------------------------------------------------------------------------------------
2024-07-25 19:57:26,113 - INFO - Starting Model Training for 
 lat: 51.875
 lon: 12.375
2024-07-25 20:00:26,798 - INFO - Iteration 38/88: lat = 51.875, lon = 12.375
2024-07-25 20:00:26,802 - INFO - ----------------------------------------------------------------------------------------------------
2024-07-25 20:00:26,802 - INFO - Starting Model Training for 
 lat: 51.625
 lon: 14.875
2024-07-25 20:03:27,553 - INFO - Iteration 39/88: lat = 51.625, lon = 14.875
2024-07-25 20:03:27,556 - INFO - ----------------------------------------------------------------------------------------------------
2024-07-25 20:03:27,556 - INFO - Starting Model Training for 
 lat: 51.625
 lon: 10.875
2024-07-25 20:06:29,624 - INFO - Iteration 40/88: lat = 51.625, lon = 10.875
2024-07-25 20:06:29,628 - INFO - ----------------------------------------------------------------------------------------------------
2024-07-25 20:06:29,628 - INFO - Starting Model Training for 
 lat: 51.625
 lon: 10.625
2024-07-25 20:09:31,068 - INFO - Iteration 41/88: lat = 51.625, lon = 10.625
2024-07-25 20:09:31,068 - INFO - ----------------------------------------------------------------------------------------------------
2024-07-25 20:09:31,068 - INFO - Starting Model Training for 
 lat: 51.625
 lon: 10.375
2024-07-25 20:12:31,120 - INFO - Iteration 42/88: lat = 51.625, lon = 10.375
2024-07-25 20:12:31,128 - INFO - ----------------------------------------------------------------------------------------------------
2024-07-25 20:12:31,128 - INFO - Starting Model Training for 
 lat: 50.375
 lon: 6.875
2024-07-25 20:15:31,422 - INFO - Iteration 43/88: lat = 50.375, lon = 6.875
2024-07-25 20:15:31,426 - INFO - ----------------------------------------------------------------------------------------------------
2024-07-25 20:15:31,426 - INFO - Starting Model Training for 
 lat: 50.125
 lon: 9.875
2024-07-25 20:18:11,812 - INFO - Iteration 44/88: lat = 50.125, lon = 9.875
2024-07-25 20:18:11,813 - INFO - ----------------------------------------------------------------------------------------------------
2024-07-25 20:18:11,813 - INFO - Starting Model Training for 
 lat: 51.375
 lon: 9.625
2024-07-25 20:21:13,582 - INFO - Iteration 45/88: lat = 51.375, lon = 9.625
2024-07-25 20:21:13,585 - INFO - ----------------------------------------------------------------------------------------------------
2024-07-25 20:21:13,585 - INFO - Starting Model Training for 
 lat: 50.125
 lon: 9.375
2024-07-25 20:24:13,329 - INFO - Iteration 46/88: lat = 50.125, lon = 9.375
2024-07-25 20:24:13,330 - INFO - ----------------------------------------------------------------------------------------------------
2024-07-25 20:24:13,330 - INFO - Starting Model Training for 
 lat: 48.875
 lon: 13.125
2024-07-25 20:27:13,368 - INFO - Iteration 47/88: lat = 48.875, lon = 13.125
2024-07-25 20:27:13,369 - INFO - ----------------------------------------------------------------------------------------------------
2024-07-25 20:27:13,369 - INFO - Starting Model Training for 
 lat: 48.875
 lon: 12.875
2024-07-25 20:29:53,792 - INFO - Iteration 48/88: lat = 48.875, lon = 12.875
2024-07-25 20:29:53,792 - INFO - ----------------------------------------------------------------------------------------------------
2024-07-25 20:29:53,792 - INFO - Starting Model Training for 
 lat: 48.625
 lon: 13.875
2024-07-25 20:32:57,441 - INFO - Iteration 49/88: lat = 48.625, lon = 13.875
2024-07-25 20:32:57,442 - INFO - ----------------------------------------------------------------------------------------------------
2024-07-25 20:32:57,442 - INFO - Starting Model Training for 
 lat: 48.625
 lon: 10.125
2024-07-25 20:35:59,371 - INFO - Iteration 50/88: lat = 48.625, lon = 10.125
2024-07-25 20:35:59,375 - INFO - ----------------------------------------------------------------------------------------------------
2024-07-25 20:35:59,375 - INFO - Starting Model Training for 
 lat: 48.625
 lon: 8.625
2024-07-25 20:39:00,527 - INFO - Iteration 51/88: lat = 48.625, lon = 8.625
2024-07-25 20:39:00,531 - INFO - ----------------------------------------------------------------------------------------------------
2024-07-25 20:39:00,532 - INFO - Starting Model Training for 
 lat: 48.625
 lon: 8.375
2024-07-25 20:42:01,321 - INFO - Iteration 52/88: lat = 48.625, lon = 8.375
2024-07-25 20:42:01,321 - INFO - ----------------------------------------------------------------------------------------------------
2024-07-25 20:42:01,321 - INFO - Starting Model Training for 
 lat: 48.375
 lon: 8.375
2024-07-25 20:44:41,420 - INFO - Iteration 53/88: lat = 48.375, lon = 8.375
2024-07-25 20:44:41,420 - INFO - ----------------------------------------------------------------------------------------------------
2024-07-25 20:44:41,420 - INFO - Starting Model Training for 
 lat: 48.375
 lon: 8.125
2024-07-25 20:47:42,354 - INFO - Iteration 54/88: lat = 48.375, lon = 8.125
2024-07-25 20:47:42,358 - INFO - ----------------------------------------------------------------------------------------------------
2024-07-25 20:47:42,358 - INFO - Starting Model Training for 
 lat: 48.125
 lon: 8.125
2024-07-25 20:50:43,099 - INFO - Iteration 55/88: lat = 48.125, lon = 8.125
2024-07-25 20:50:43,102 - INFO - ----------------------------------------------------------------------------------------------------
2024-07-25 20:50:43,102 - INFO - Starting Model Training for 
 lat: 48.125
 lon: 7.875
2024-07-25 20:53:43,696 - INFO - Iteration 56/88: lat = 48.125, lon = 7.875
2024-07-25 20:53:43,699 - INFO - ----------------------------------------------------------------------------------------------------
2024-07-25 20:53:43,699 - INFO - Starting Model Training for 
 lat: 47.875
 lon: 8.125
2024-07-25 20:56:44,207 - INFO - Iteration 57/88: lat = 47.875, lon = 8.125
2024-07-25 20:56:44,207 - INFO - ----------------------------------------------------------------------------------------------------
2024-07-25 20:56:44,207 - INFO - Starting Model Training for 
 lat: 47.875
 lon: 7.875
2024-07-25 20:59:45,046 - INFO - Iteration 58/88: lat = 47.875, lon = 7.875
2024-07-25 20:59:45,047 - INFO - ----------------------------------------------------------------------------------------------------
2024-07-25 20:59:45,047 - INFO - Starting Model Training for 
 lat: 47.625
 lon: 12.875
2024-07-25 21:02:48,554 - INFO - Iteration 59/88: lat = 47.625, lon = 12.875
2024-07-25 21:02:48,555 - INFO - ----------------------------------------------------------------------------------------------------
2024-07-25 21:02:48,555 - INFO - Starting Model Training for 
 lat: 47.625
 lon: 12.625
2024-07-25 21:05:52,155 - INFO - Iteration 60/88: lat = 47.625, lon = 12.625
2024-07-25 21:05:52,162 - INFO - ----------------------------------------------------------------------------------------------------
2024-07-25 21:05:52,162 - INFO - Starting Model Training for 
 lat: 47.625
 lon: 8.125
2024-07-25 21:08:53,316 - INFO - Iteration 61/88: lat = 47.625, lon = 8.125
2024-07-25 21:08:53,322 - INFO - ----------------------------------------------------------------------------------------------------
2024-07-25 21:08:53,322 - INFO - Starting Model Training for 
 lat: 47.625
 lon: 7.875
2024-07-25 21:11:54,292 - INFO - Iteration 62/88: lat = 47.625, lon = 7.875
2024-07-25 21:11:54,295 - INFO - ----------------------------------------------------------------------------------------------------
2024-07-25 21:11:54,296 - INFO - Starting Model Training for 
 lat: 47.625
 lon: 7.625
2024-07-25 21:14:54,471 - INFO - Iteration 63/88: lat = 47.625, lon = 7.625
2024-07-25 21:14:54,471 - INFO - ----------------------------------------------------------------------------------------------------
2024-07-25 21:14:54,471 - INFO - Starting Model Training for 
 lat: 47.375
 lon: 11.375
2024-07-25 21:17:55,559 - INFO - Iteration 64/88: lat = 47.375, lon = 11.375
2024-07-25 21:17:55,559 - INFO - ----------------------------------------------------------------------------------------------------
2024-07-25 21:17:55,560 - INFO - Starting Model Training for 
 lat: 50.125
 lon: 9.625
2024-07-25 21:20:55,523 - INFO - Iteration 65/88: lat = 50.125, lon = 9.625
2024-07-25 21:20:55,524 - INFO - ----------------------------------------------------------------------------------------------------
2024-07-25 21:20:55,524 - INFO - Starting Model Training for 
 lat: 48.875
 lon: 13.375
2024-07-25 21:23:55,714 - INFO - Iteration 66/88: lat = 48.875, lon = 13.375
2024-07-25 21:23:55,715 - INFO - ----------------------------------------------------------------------------------------------------
2024-07-25 21:23:55,716 - INFO - Starting Model Training for 
 lat: 48.875
 lon: 13.625
2024-07-25 21:26:35,644 - INFO - Iteration 67/88: lat = 48.875, lon = 13.625
2024-07-25 21:26:35,644 - INFO - ----------------------------------------------------------------------------------------------------
2024-07-25 21:26:35,644 - INFO - Starting Model Training for 
 lat: 47.375
 lon: 11.125
2024-07-25 21:29:36,021 - INFO - Iteration 68/88: lat = 47.375, lon = 11.125
2024-07-25 21:29:36,024 - INFO - ----------------------------------------------------------------------------------------------------
2024-07-25 21:29:36,024 - INFO - Starting Model Training for 
 lat: 49.875
 lon: 7.625
2024-07-25 21:32:37,026 - INFO - Iteration 69/88: lat = 49.875, lon = 7.625
2024-07-25 21:32:37,030 - INFO - ----------------------------------------------------------------------------------------------------
2024-07-25 21:32:37,030 - INFO - Starting Model Training for 
 lat: 50.125
 lon: 8.375
2024-07-25 21:35:39,750 - INFO - Iteration 70/88: lat = 50.125, lon = 8.375
2024-07-25 21:35:39,753 - INFO - ----------------------------------------------------------------------------------------------------
2024-07-25 21:35:39,753 - INFO - Starting Model Training for 
 lat: 50.125
 lon: 7.625
2024-07-25 21:38:21,690 - INFO - Iteration 71/88: lat = 50.125, lon = 7.625
2024-07-25 21:38:21,691 - INFO - ----------------------------------------------------------------------------------------------------
2024-07-25 21:38:21,692 - INFO - Starting Model Training for 
 lat: 49.875
 lon: 12.625
2024-07-25 21:41:24,547 - INFO - Iteration 72/88: lat = 49.875, lon = 12.625
2024-07-25 21:41:24,551 - INFO - ----------------------------------------------------------------------------------------------------
2024-07-25 21:41:24,551 - INFO - Starting Model Training for 
 lat: 49.875
 lon: 11.875
2024-07-25 21:44:25,415 - INFO - Iteration 73/88: lat = 49.875, lon = 11.875
2024-07-25 21:44:25,415 - INFO - ----------------------------------------------------------------------------------------------------
2024-07-25 21:44:25,415 - INFO - Starting Model Training for 
 lat: 49.875
 lon: 9.375
2024-07-25 21:47:25,866 - INFO - Iteration 74/88: lat = 49.875, lon = 9.375
2024-07-25 21:47:25,867 - INFO - ----------------------------------------------------------------------------------------------------
2024-07-25 21:47:25,867 - INFO - Starting Model Training for 
 lat: 49.125
 lon: 7.625
2024-07-25 21:50:27,065 - INFO - Iteration 75/88: lat = 49.125, lon = 7.625
2024-07-25 21:50:27,068 - INFO - ----------------------------------------------------------------------------------------------------
2024-07-25 21:50:27,069 - INFO - Starting Model Training for 
 lat: 49.625
 lon: 12.375
2024-07-25 21:53:28,018 - INFO - Iteration 76/88: lat = 49.625, lon = 12.375
2024-07-25 21:53:28,018 - INFO - ----------------------------------------------------------------------------------------------------
2024-07-25 21:53:28,019 - INFO - Starting Model Training for 
 lat: 49.625
 lon: 9.375
2024-07-25 21:56:29,301 - INFO - Iteration 77/88: lat = 49.625, lon = 9.375
2024-07-25 21:56:29,304 - INFO - ----------------------------------------------------------------------------------------------------
2024-07-25 21:56:29,304 - INFO - Starting Model Training for 
 lat: 49.625
 lon: 7.125
2024-07-25 21:59:29,949 - INFO - Iteration 78/88: lat = 49.625, lon = 7.125
2024-07-25 21:59:29,952 - INFO - ----------------------------------------------------------------------------------------------------
2024-07-25 21:59:29,952 - INFO - Starting Model Training for 
 lat: 49.625
 lon: 9.125
2024-07-25 22:02:29,980 - INFO - Iteration 79/88: lat = 49.625, lon = 9.125
2024-07-25 22:02:29,984 - INFO - ----------------------------------------------------------------------------------------------------
2024-07-25 22:02:29,984 - INFO - Starting Model Training for 
 lat: 49.375
 lon: 12.625
2024-07-25 22:05:30,858 - INFO - Iteration 80/88: lat = 49.375, lon = 12.625
2024-07-25 22:05:30,862 - INFO - ----------------------------------------------------------------------------------------------------
2024-07-25 22:05:30,862 - INFO - Starting Model Training for 
 lat: 49.375
 lon: 11.125
2024-07-25 22:08:10,712 - INFO - Iteration 81/88: lat = 49.375, lon = 11.125
2024-07-25 22:08:10,715 - INFO - ----------------------------------------------------------------------------------------------------
2024-07-25 22:08:10,715 - INFO - Starting Model Training for 
 lat: 49.375
 lon: 9.125
2024-07-25 22:11:11,313 - INFO - Iteration 82/88: lat = 49.375, lon = 9.125
2024-07-25 22:11:11,316 - INFO - ----------------------------------------------------------------------------------------------------
2024-07-25 22:11:11,317 - INFO - Starting Model Training for 
 lat: 49.375
 lon: 8.875
2024-07-25 22:13:54,452 - INFO - Iteration 83/88: lat = 49.375, lon = 8.875
2024-07-25 22:13:54,459 - INFO - ----------------------------------------------------------------------------------------------------
2024-07-25 22:13:54,459 - INFO - Starting Model Training for 
 lat: 49.375
 lon: 7.875
2024-07-25 22:16:55,986 - INFO - Iteration 84/88: lat = 49.375, lon = 7.875
2024-07-25 22:16:55,989 - INFO - ----------------------------------------------------------------------------------------------------
2024-07-25 22:16:55,989 - INFO - Starting Model Training for 
 lat: 49.125
 lon: 13.125
2024-07-25 22:19:57,144 - INFO - Iteration 85/88: lat = 49.125, lon = 13.125
2024-07-25 22:19:57,144 - INFO - ----------------------------------------------------------------------------------------------------
2024-07-25 22:19:57,145 - INFO - Starting Model Training for 
 lat: 49.125
 lon: 11.125
2024-07-25 22:22:59,030 - INFO - Iteration 86/88: lat = 49.125, lon = 11.125
2024-07-25 22:22:59,031 - INFO - ----------------------------------------------------------------------------------------------------
2024-07-25 22:22:59,031 - INFO - Starting Model Training for 
 lat: 49.125
 lon: 7.875
2024-07-25 22:26:01,135 - INFO - Iteration 87/88: lat = 49.125, lon = 7.875
2024-07-25 22:26:01,135 - INFO - ----------------------------------------------------------------------------------------------------
2024-07-25 22:26:01,135 - INFO - Starting Model Training for 
 lat: 49.625
 lon: 6.875
2024-07-25 22:29:03,109 - INFO - Iteration 88/88: lat = 49.625, lon = 6.875
2024-07-25 22:29:03,113 - INFO - ----------------------------------------------------------------------------------------------------
2024-07-25 22:29:03,113 - INFO - ----------------------------------------------------------------------------------------------------
2024-07-25 22:29:03,333 - INFO - Results and evaluation written to: results/modelling/final/results_full_local_auto_l30.json
2024-07-28 14:53:12,412 - INFO - Starting Model Training for 
 lat: 47.375
 lon: 10.875
