2024-07-19 10:07:45,781 - INFO - Starting Grid Search for 
 lat: 47.625
 lon: 7.625
2024-07-19 10:17:40,405 - INFO - Gridsearch done, The best parameters are: {'activation': 'relu', 'batch_size': 25, 'dropout_rate': 0.2, 'epochs': 100, 'learning_rate': 0.0001, 'num_lstm_layers': 1, 'optimizer': 'adam', 'units_dense': 128, 'units_lstm': 128}
2024-07-19 10:17:40,408 - INFO - Running and evaluating model
2024-07-19 10:18:22,921 - INFO - Results and evaluation written to: result_jsons/47_625_7_625_model_results.json
2024-07-19 10:18:22,921 - INFO - Completed 1/78
2024-07-19 10:18:22,921 - INFO - ----------------------------------------------------------------------------------------------------
2024-07-19 10:18:22,921 - INFO - ----------------------------------------------------------------------------------------------------
2024-07-19 10:18:22,921 - INFO - Starting Grid Search for 
 lat: 50.125
 lon: 9.875
2024-07-19 10:27:54,001 - INFO - Gridsearch done, The best parameters are: {'activation': 'relu', 'batch_size': 25, 'dropout_rate': 0.2, 'epochs': 100, 'learning_rate': 0.0001, 'num_lstm_layers': 1, 'optimizer': 'adam', 'units_dense': 64, 'units_lstm': 128}
2024-07-19 10:27:54,006 - INFO - Running and evaluating model
2024-07-19 10:28:36,012 - INFO - Results and evaluation written to: result_jsons/50_125_9_875_model_results.json
2024-07-19 10:28:36,012 - INFO - Completed 2/78
2024-07-19 10:28:36,012 - INFO - ----------------------------------------------------------------------------------------------------
2024-07-19 10:28:36,012 - INFO - ----------------------------------------------------------------------------------------------------
2024-07-19 10:28:36,012 - INFO - Starting Grid Search for 
 lat: 50.375
 lon: 6.875
2024-07-19 10:38:07,945 - INFO - Gridsearch done, The best parameters are: {'activation': 'relu', 'batch_size': 25, 'dropout_rate': 0.2, 'epochs': 100, 'learning_rate': 0.0001, 'num_lstm_layers': 1, 'optimizer': 'adam', 'units_dense': 128, 'units_lstm': 128}
2024-07-19 10:38:07,948 - INFO - Running and evaluating model
2024-07-19 10:38:49,852 - INFO - Results and evaluation written to: result_jsons/50_375_6_875_model_results.json
2024-07-19 10:38:49,852 - INFO - Completed 3/78
2024-07-19 10:38:49,852 - INFO - ----------------------------------------------------------------------------------------------------
2024-07-19 10:38:49,852 - INFO - ----------------------------------------------------------------------------------------------------
2024-07-19 10:38:49,852 - INFO - Starting Grid Search for 
 lat: 48.875
 lon: 13.625
2024-07-19 10:48:24,277 - INFO - Gridsearch done, The best parameters are: {'activation': 'relu', 'batch_size': 25, 'dropout_rate': 0.2, 'epochs': 100, 'learning_rate': 0.0001, 'num_lstm_layers': 1, 'optimizer': 'adam', 'units_dense': 128, 'units_lstm': 128}
2024-07-19 10:48:24,281 - INFO - Running and evaluating model
2024-07-19 10:49:06,332 - INFO - Results and evaluation written to: result_jsons/48_875_13_625_model_results.json
2024-07-19 10:49:06,332 - INFO - Completed 4/78
2024-07-19 10:49:06,332 - INFO - ----------------------------------------------------------------------------------------------------
2024-07-19 10:49:06,332 - INFO - ----------------------------------------------------------------------------------------------------
2024-07-19 10:49:06,332 - INFO - Starting Grid Search for 
 lat: 50.375
 lon: 10.875
