2024-07-22 07:18:49,710 - INFO - Starting non autoregressive Grid Search for 
 lat: 47.625
 lon: 7.625
2024-07-22 07:27:51,653 - INFO - Gridsearch done, The best parameters are: {'activation': 'tanh', 'batch_size': 25, 'dropout_rate': 0.2, 'epochs': 100, 'learning_rate': 0.0001, 'num_lstm_layers': 1, 'units_lstm': 128}
2024-07-22 07:27:51,654 - INFO - Running and evaluating model
2024-07-22 07:28:17,089 - INFO - Results and evaluation written to: result_jsons_l15_noauto/l15_47_625_7_625_model_results_noauto.json
2024-07-22 07:28:17,089 - INFO - Completed 1/78
2024-07-22 07:28:17,089 - INFO - ----------------------------------------------------------------------------------------------------
2024-07-22 07:28:17,090 - INFO - ----------------------------------------------------------------------------------------------------
2024-07-22 07:28:17,094 - INFO - Starting non autoregressive Grid Search for 
 lat: 50.125
 lon: 9.875
2024-07-22 07:37:10,562 - INFO - Gridsearch done, The best parameters are: {'activation': 'tanh', 'batch_size': 25, 'dropout_rate': 0.2, 'epochs': 100, 'learning_rate': 0.0001, 'num_lstm_layers': 1, 'units_lstm': 128}
2024-07-22 07:37:10,563 - INFO - Running and evaluating model
2024-07-22 07:37:35,971 - INFO - Results and evaluation written to: result_jsons_l15_noauto/l15_50_125_9_875_model_results_noauto.json
2024-07-22 07:37:35,971 - INFO - Completed 2/78
2024-07-22 07:37:35,974 - INFO - ----------------------------------------------------------------------------------------------------
2024-07-22 07:37:35,974 - INFO - ----------------------------------------------------------------------------------------------------
2024-07-22 07:37:35,974 - INFO - Starting non autoregressive Grid Search for 
 lat: 50.375
 lon: 6.875
2024-07-22 07:46:24,262 - INFO - Gridsearch done, The best parameters are: {'activation': 'tanh', 'batch_size': 25, 'dropout_rate': 0.2, 'epochs': 100, 'learning_rate': 0.0001, 'num_lstm_layers': 1, 'units_lstm': 128}
2024-07-22 07:46:24,263 - INFO - Running and evaluating model
2024-07-22 07:46:49,350 - INFO - Results and evaluation written to: result_jsons_l15_noauto/l15_50_375_6_875_model_results_noauto.json
2024-07-22 07:46:49,350 - INFO - Completed 3/78
2024-07-22 07:46:49,358 - INFO - ----------------------------------------------------------------------------------------------------
2024-07-22 07:46:49,358 - INFO - ----------------------------------------------------------------------------------------------------
2024-07-22 07:46:49,359 - INFO - Starting non autoregressive Grid Search for 
 lat: 48.875
 lon: 13.625
2024-07-22 07:55:37,787 - INFO - Gridsearch done, The best parameters are: {'activation': 'tanh', 'batch_size': 25, 'dropout_rate': 0.2, 'epochs': 100, 'learning_rate': 0.0001, 'num_lstm_layers': 1, 'units_lstm': 128}
2024-07-22 07:55:37,791 - INFO - Running and evaluating model
2024-07-22 07:56:02,990 - INFO - Results and evaluation written to: result_jsons_l15_noauto/l15_48_875_13_625_model_results_noauto.json
2024-07-22 07:56:02,990 - INFO - Completed 4/78
2024-07-22 07:56:02,994 - INFO - ----------------------------------------------------------------------------------------------------
2024-07-22 07:56:02,994 - INFO - ----------------------------------------------------------------------------------------------------
2024-07-22 07:56:02,995 - INFO - Starting non autoregressive Grid Search for 
 lat: 50.375
 lon: 10.875
2024-07-22 08:04:45,593 - INFO - Gridsearch done, The best parameters are: {'activation': 'tanh', 'batch_size': 25, 'dropout_rate': 0.4, 'epochs': 100, 'learning_rate': 0.0001, 'num_lstm_layers': 1, 'units_lstm': 64}
2024-07-22 08:04:45,594 - INFO - Running and evaluating model
2024-07-22 08:05:04,515 - INFO - Results and evaluation written to: result_jsons_l15_noauto/l15_50_375_10_875_model_results_noauto.json
2024-07-22 08:05:04,515 - INFO - Completed 5/78
2024-07-22 08:05:04,519 - INFO - ----------------------------------------------------------------------------------------------------
2024-07-22 08:05:04,519 - INFO - ----------------------------------------------------------------------------------------------------
2024-07-22 08:05:04,519 - INFO - Starting non autoregressive Grid Search for 
 lat: 50.375
 lon: 11.125
2024-07-22 08:14:02,023 - INFO - Gridsearch done, The best parameters are: {'activation': 'tanh', 'batch_size': 25, 'dropout_rate': 0.2, 'epochs': 100, 'learning_rate': 0.0001, 'num_lstm_layers': 2, 'units_lstm': 128}
2024-07-22 08:14:02,027 - INFO - Running and evaluating model
2024-07-22 08:14:49,148 - INFO - Results and evaluation written to: result_jsons_l15_noauto/l15_50_375_11_125_model_results_noauto.json
2024-07-22 08:14:49,149 - INFO - Completed 6/78
2024-07-22 08:14:49,153 - INFO - ----------------------------------------------------------------------------------------------------
2024-07-22 08:14:49,153 - INFO - ----------------------------------------------------------------------------------------------------
2024-07-22 08:14:49,187 - INFO - Starting non autoregressive Grid Search for 
 lat: 47.625
 lon: 7.625
2024-07-22 08:29:48,142 - INFO - Gridsearch done, The best parameters are: {'activation': 'tanh', 'batch_size': 25, 'dropout_rate': 0.2, 'epochs': 100, 'learning_rate': 0.0001, 'num_lstm_layers': 1, 'units_lstm': 128}
2024-07-22 08:29:48,146 - INFO - Running and evaluating model
2024-07-22 08:30:24,667 - INFO - Results and evaluation written to: result_jsons_l30_noauto/l30_47_625_7_625_model_results_noauto.json
2024-07-22 08:30:24,667 - INFO - Completed 1/78
2024-07-22 08:30:24,668 - INFO - ----------------------------------------------------------------------------------------------------
2024-07-22 08:30:24,668 - INFO - ----------------------------------------------------------------------------------------------------
2024-07-22 08:30:24,668 - INFO - Starting non autoregressive Grid Search for 
 lat: 50.125
 lon: 9.875
2024-07-22 08:45:46,038 - INFO - Gridsearch done, The best parameters are: {'activation': 'tanh', 'batch_size': 25, 'dropout_rate': 0.2, 'epochs': 100, 'learning_rate': 0.0001, 'num_lstm_layers': 2, 'units_lstm': 128}
2024-07-22 08:45:46,042 - INFO - Running and evaluating model
2024-07-22 08:47:05,063 - INFO - Results and evaluation written to: result_jsons_l30_noauto/l30_50_125_9_875_model_results_noauto.json
2024-07-22 08:47:05,064 - INFO - Completed 2/78
2024-07-22 08:47:05,065 - INFO - ----------------------------------------------------------------------------------------------------
2024-07-22 08:47:05,065 - INFO - ----------------------------------------------------------------------------------------------------
2024-07-22 08:47:05,065 - INFO - Starting non autoregressive Grid Search for 
 lat: 50.375
 lon: 6.875
2024-07-22 09:02:32,291 - INFO - Gridsearch done, The best parameters are: {'activation': 'tanh', 'batch_size': 25, 'dropout_rate': 0.2, 'epochs': 100, 'learning_rate': 0.0001, 'num_lstm_layers': 2, 'units_lstm': 128}
2024-07-22 09:02:32,294 - INFO - Running and evaluating model
2024-07-22 09:03:52,096 - INFO - Results and evaluation written to: result_jsons_l30_noauto/l30_50_375_6_875_model_results_noauto.json
2024-07-22 09:03:52,097 - INFO - Completed 3/78
2024-07-22 09:03:52,097 - INFO - ----------------------------------------------------------------------------------------------------
2024-07-22 09:03:52,097 - INFO - ----------------------------------------------------------------------------------------------------
2024-07-22 09:03:52,098 - INFO - Starting non autoregressive Grid Search for 
 lat: 48.875
 lon: 13.625
2024-07-22 09:19:12,188 - INFO - Gridsearch done, The best parameters are: {'activation': 'tanh', 'batch_size': 25, 'dropout_rate': 0.2, 'epochs': 100, 'learning_rate': 0.0001, 'num_lstm_layers': 1, 'units_lstm': 128}
2024-07-22 09:19:12,190 - INFO - Running and evaluating model
2024-07-22 09:19:48,961 - INFO - Results and evaluation written to: result_jsons_l30_noauto/l30_48_875_13_625_model_results_noauto.json
2024-07-22 09:19:48,962 - INFO - Completed 4/78
2024-07-22 09:19:48,965 - INFO - ----------------------------------------------------------------------------------------------------
2024-07-22 09:19:48,966 - INFO - ----------------------------------------------------------------------------------------------------
2024-07-22 09:19:48,970 - INFO - Starting non autoregressive Grid Search for 
 lat: 50.375
 lon: 10.875
2024-07-22 09:35:12,379 - INFO - Gridsearch done, The best parameters are: {'activation': 'tanh', 'batch_size': 25, 'dropout_rate': 0.2, 'epochs': 100, 'learning_rate': 0.0001, 'num_lstm_layers': 1, 'units_lstm': 64}
2024-07-22 09:35:12,380 - INFO - Running and evaluating model
2024-07-22 09:35:36,213 - INFO - Results and evaluation written to: result_jsons_l30_noauto/l30_50_375_10_875_model_results_noauto.json
2024-07-22 09:35:36,213 - INFO - Completed 5/78
2024-07-22 09:35:36,218 - INFO - ----------------------------------------------------------------------------------------------------
2024-07-22 09:35:36,218 - INFO - ----------------------------------------------------------------------------------------------------
2024-07-22 09:35:36,222 - INFO - Starting non autoregressive Grid Search for 
 lat: 50.375
 lon: 11.125
2024-07-22 09:50:51,229 - INFO - Gridsearch done, The best parameters are: {'activation': 'tanh', 'batch_size': 25, 'dropout_rate': 0.2, 'epochs': 100, 'learning_rate': 0.0001, 'num_lstm_layers': 1, 'units_lstm': 128}
2024-07-22 09:50:51,230 - INFO - Running and evaluating model
2024-07-22 09:51:27,507 - INFO - Results and evaluation written to: result_jsons_l30_noauto/l30_50_375_11_125_model_results_noauto.json
2024-07-22 09:51:27,508 - INFO - Completed 6/78
2024-07-22 09:51:27,512 - INFO - ----------------------------------------------------------------------------------------------------
2024-07-22 09:51:27,512 - INFO - ----------------------------------------------------------------------------------------------------
2024-07-22 09:51:27,546 - INFO - Starting non autoregressive Grid Search for 
 lat: 47.625
 lon: 7.625
2024-07-22 10:12:52,698 - INFO - Gridsearch done, The best parameters are: {'activation': 'tanh', 'batch_size': 25, 'dropout_rate': 0.2, 'epochs': 100, 'learning_rate': 0.0001, 'num_lstm_layers': 1, 'units_lstm': 128}
2024-07-22 10:12:52,700 - INFO - Running and evaluating model
2024-07-22 10:13:42,671 - INFO - Results and evaluation written to: result_jsons_l45_noauto/l45_47_625_7_625_model_results_noauto.json
2024-07-22 10:13:42,671 - INFO - Completed 1/78
2024-07-22 10:13:42,676 - INFO - ----------------------------------------------------------------------------------------------------
2024-07-22 10:13:42,677 - INFO - ----------------------------------------------------------------------------------------------------
2024-07-22 10:13:42,677 - INFO - Starting non autoregressive Grid Search for 
 lat: 50.125
 lon: 9.875
2024-07-22 10:35:11,113 - INFO - Gridsearch done, The best parameters are: {'activation': 'tanh', 'batch_size': 25, 'dropout_rate': 0.2, 'epochs': 100, 'learning_rate': 0.0001, 'num_lstm_layers': 1, 'units_lstm': 128}
2024-07-22 10:35:11,115 - INFO - Running and evaluating model
2024-07-22 10:35:59,219 - INFO - Results and evaluation written to: result_jsons_l45_noauto/l45_50_125_9_875_model_results_noauto.json
2024-07-22 10:35:59,219 - INFO - Completed 2/78
2024-07-22 10:35:59,223 - INFO - ----------------------------------------------------------------------------------------------------
2024-07-22 10:35:59,223 - INFO - ----------------------------------------------------------------------------------------------------
2024-07-22 10:35:59,227 - INFO - Starting non autoregressive Grid Search for 
 lat: 50.375
 lon: 6.875
2024-07-22 10:57:44,941 - INFO - Gridsearch done, The best parameters are: {'activation': 'tanh', 'batch_size': 25, 'dropout_rate': 0.2, 'epochs': 100, 'learning_rate': 0.0001, 'num_lstm_layers': 2, 'units_lstm': 128}
2024-07-22 10:57:44,945 - INFO - Running and evaluating model
2024-07-22 10:59:36,570 - INFO - Results and evaluation written to: result_jsons_l45_noauto/l45_50_375_6_875_model_results_noauto.json
2024-07-22 10:59:36,571 - INFO - Completed 3/78
2024-07-22 10:59:36,575 - INFO - ----------------------------------------------------------------------------------------------------
2024-07-22 10:59:36,575 - INFO - ----------------------------------------------------------------------------------------------------
2024-07-22 10:59:36,576 - INFO - Starting non autoregressive Grid Search for 
 lat: 48.875
 lon: 13.625
2024-07-22 11:21:07,377 - INFO - Gridsearch done, The best parameters are: {'activation': 'tanh', 'batch_size': 25, 'dropout_rate': 0.2, 'epochs': 100, 'learning_rate': 0.0001, 'num_lstm_layers': 1, 'units_lstm': 128}
2024-07-22 11:21:07,381 - INFO - Running and evaluating model
2024-07-22 11:21:55,135 - INFO - Results and evaluation written to: result_jsons_l45_noauto/l45_48_875_13_625_model_results_noauto.json
2024-07-22 11:21:55,135 - INFO - Completed 4/78
2024-07-22 11:21:55,135 - INFO - ----------------------------------------------------------------------------------------------------
2024-07-22 11:21:55,136 - INFO - ----------------------------------------------------------------------------------------------------
2024-07-22 11:21:55,139 - INFO - Starting non autoregressive Grid Search for 
 lat: 50.375
 lon: 10.875
2024-07-22 11:43:13,774 - INFO - Gridsearch done, The best parameters are: {'activation': 'tanh', 'batch_size': 25, 'dropout_rate': 0.2, 'epochs': 100, 'learning_rate': 0.0001, 'num_lstm_layers': 1, 'units_lstm': 64}
2024-07-22 11:43:13,775 - INFO - Running and evaluating model
2024-07-22 11:43:44,201 - INFO - Results and evaluation written to: result_jsons_l45_noauto/l45_50_375_10_875_model_results_noauto.json
2024-07-22 11:43:44,202 - INFO - Completed 5/78
2024-07-22 11:43:44,207 - INFO - ----------------------------------------------------------------------------------------------------
2024-07-22 11:43:44,207 - INFO - ----------------------------------------------------------------------------------------------------
2024-07-22 11:43:44,208 - INFO - Starting non autoregressive Grid Search for 
 lat: 50.375
 lon: 11.125
2024-07-22 12:05:12,242 - INFO - Gridsearch done, The best parameters are: {'activation': 'tanh', 'batch_size': 25, 'dropout_rate': 0.2, 'epochs': 100, 'learning_rate': 0.0001, 'num_lstm_layers': 1, 'units_lstm': 128}
2024-07-22 12:05:12,243 - INFO - Running and evaluating model
2024-07-22 12:06:01,883 - INFO - Results and evaluation written to: result_jsons_l45_noauto/l45_50_375_11_125_model_results_noauto.json
2024-07-22 12:06:01,883 - INFO - Completed 6/78
2024-07-22 12:06:01,883 - INFO - ----------------------------------------------------------------------------------------------------
2024-07-22 12:06:01,883 - INFO - ----------------------------------------------------------------------------------------------------
